<?xml version="1.0" encoding="UTF-8"?>
<testng-results skipped="0" failed="0" ignored="0" total="1" passed="1">
  <reporter-output>
  </reporter-output>
  <suite name="Default suite" duration-ms="65781" started-at="2020-04-29T16:39:16 IST" finished-at="2020-04-29T16:40:22 IST">
    <groups>
    </groups>
    <test name="Default test" duration-ms="65781" started-at="2020-04-29T16:39:16 IST" finished-at="2020-04-29T16:40:22 IST">
      <class name="org.kushala.selenium.v2.Testgrid">
        <test-method status="PASS" signature="test1()[pri:0, instance:org.kushala.selenium.v2.Testgrid@2833cc44]" name="test1" duration-ms="65526" started-at="2020-04-29T16:39:16 IST" finished-at="2020-04-29T16:40:22 IST">
          <reporter-output>
          </reporter-output>
        </test-method> <!-- test1 -->
      </class> <!-- org.kushala.selenium.v2.Testgrid -->
    </test> <!-- Default test -->
  </suite> <!-- Default suite -->
</testng-results>
